<?xml version="1.0" encoding="UTF-8" standalone="yes"?>
<ns2:test-suite start="1562250819262" stop="1562250830950" version="1.5.2" xmlns:ns2="urn:model.allure.qatools.yandex.ru">
    <name>Проверка создания каталога</name>
    <description type="text"></description>
    <test-cases>
        <test-case start="1562250819318" stop="1562250830947" status="broken">
            <name>Мастер-пользователь создает каталог</name>
            <title>Мастер-пользователь создает каталог</title>
            <description type="text"></description>
            <failure>
                <message>CucumberException: Failed to instantiate class stepDefinitions.CatalogPageStepDefinitions</message>
                <stack-trace>cucumber.runtime.CucumberException: Failed to instantiate class stepDefinitions.CatalogPageStepDefinitions
	at cucumber.runtime.java.DefaultJavaObjectFactory.cacheNewInstance(DefaultJavaObjectFactory.java:47)
	at cucumber.runtime.java.DefaultJavaObjectFactory.getInstance(DefaultJavaObjectFactory.java:33)
	at cucumber.runtime.java.JavaStepDefinition.execute(JavaStepDefinition.java:38)
	at cucumber.runtime.StepDefinitionMatch.runStep(StepDefinitionMatch.java:37)
	at cucumber.runtime.Runtime.runStep(Runtime.java:300)
	at cucumber.runtime.model.StepContainer.runStep(StepContainer.java:44)
	at cucumber.runtime.model.StepContainer.runSteps(StepContainer.java:39)
	at cucumber.runtime.model.CucumberScenario.run(CucumberScenario.java:44)
	at cucumber.runtime.junit.ExecutionUnitRunner.run(ExecutionUnitRunner.java:102)
	at cucumber.runtime.junit.FeatureRunner.runChild(FeatureRunner.java:63)
	at cucumber.runtime.junit.FeatureRunner.runChild(FeatureRunner.java:18)
	at org.junit.runners.ParentRunner$4.run(ParentRunner.java:330)
	at org.junit.runners.ParentRunner$1.schedule(ParentRunner.java:78)
	at org.junit.runners.ParentRunner.runChildren(ParentRunner.java:328)
	at org.junit.runners.ParentRunner.access$100(ParentRunner.java:65)
	at org.junit.runners.ParentRunner$2.evaluate(ParentRunner.java:292)
	at org.junit.runners.ParentRunner$3.evaluate(ParentRunner.java:305)
	at org.junit.runners.ParentRunner.run(ParentRunner.java:412)
	at cucumber.runtime.junit.FeatureRunner.run(FeatureRunner.java:70)
	at cucumber.api.junit.Cucumber.runChild(Cucumber.java:95)
	at cucumber.api.junit.Cucumber.runChild(Cucumber.java:38)
	at org.junit.runners.ParentRunner$4.run(ParentRunner.java:330)
	at org.junit.runners.ParentRunner$1.schedule(ParentRunner.java:78)
	at org.junit.runners.ParentRunner.runChildren(ParentRunner.java:328)
	at org.junit.runners.ParentRunner.access$100(ParentRunner.java:65)
	at org.junit.runners.ParentRunner$2.evaluate(ParentRunner.java:292)
	at org.junit.internal.runners.statements.RunAfters.evaluate(RunAfters.java:27)
	at org.junit.runners.ParentRunner$3.evaluate(ParentRunner.java:305)
	at org.junit.runners.ParentRunner.run(ParentRunner.java:412)
	at cucumber.api.junit.Cucumber.run(Cucumber.java:100)
	at org.junit.runner.JUnitCore.run(JUnitCore.java:137)
	at com.intellij.junit4.JUnit4IdeaTestRunner.startRunnerWithArgs(JUnit4IdeaTestRunner.java:68)
	at com.intellij.rt.execution.junit.IdeaTestRunner$Repeater.startRunnerWithArgs(IdeaTestRunner.java:47)
	at com.intellij.rt.execution.junit.JUnitStarter.prepareStreamsAndStart(JUnitStarter.java:242)
	at com.intellij.rt.execution.junit.JUnitStarter.main(JUnitStarter.java:70)
Caused by: java.lang.reflect.InvocationTargetException
	at java.base/jdk.internal.reflect.NativeConstructorAccessorImpl.newInstance0(Native Method)
	at java.base/jdk.internal.reflect.NativeConstructorAccessorImpl.newInstance(NativeConstructorAccessorImpl.java:62)
	at java.base/jdk.internal.reflect.DelegatingConstructorAccessorImpl.newInstance(DelegatingConstructorAccessorImpl.java:45)
	at java.base/java.lang.reflect.Constructor.newInstanceWithCaller(Constructor.java:500)
	at java.base/java.lang.reflect.Constructor.newInstance(Constructor.java:481)
	at cucumber.runtime.java.DefaultJavaObjectFactory.cacheNewInstance(DefaultJavaObjectFactory.java:41)
	... 34 more
Caused by: java.lang.NullPointerException
	at pages.CatalogPage.saveNumberOfCatalog(CatalogPage.java:106)
	at pages.CatalogPage.&lt;init&gt;(CatalogPage.java:15)
	at stepDefinitions.CatalogPageStepDefinitions.&lt;init&gt;(CatalogPageStepDefinitions.java:11)
	... 40 more
</stack-trace>
            </failure>
            <steps>
                <step start="1562250819323" stop="1562250828550" status="passed">
                    <name>Дано пользователь залогинлся под мастер-пользователем</name>
                    <title>Дано пользователь залогинлся под мастер-пользователем</title>
                </step>
                <step start="1562250828551" stop="1562250828740" status="passed">
                    <name>Когда пользователь кликает на шестеренку</name>
                    <title>Когда пользователь кликает на шестеренку</title>
                </step>
                <step start="1562250828740" stop="1562250830355" status="passed">
                    <name>Тогда отображается меню для Мастера</name>
                    <title>Тогда отображается меню для Мастера</title>
                </step>
                <step start="1562250830355" stop="1562250830733" status="passed">
                    <name>И отображается страница "Реестр обращений"</name>
                    <title>И отображается страница "Реестр обращений"</title>
                </step>
                <step start="1562250830734" stop="1562250830920" status="passed">
                    <name>Когда пользователь кликает по вкладке "Катлоги"</name>
                    <title>Когда пользователь кликает по вкладке "Катлоги"</title>
                </step>
                <step start="1562250830920" stop="1562250830941" status="broken">
                    <name>Тогда отображается страница "Каталоги"</name>
                    <title>Тогда отображается страница "Каталоги"</title>
                </step>
                <step start="1562250830942" stop="1562250830944" status="canceled">
                    <name>Когда пользователь кликает на кнопку создать</name>
                    <title>Когда пользователь кликает на кнопку создать</title>
                </step>
                <step start="1562250830944" stop="1562250830944" status="canceled">
                    <name>Тогда пользователь видит меню создания мастер-каталога</name>
                    <title>Тогда пользователь видит меню создания мастер-каталога</title>
                </step>
                <step start="1562250830945" stop="1562250830945" status="canceled">
                    <name>И пользователь создает каталог</name>
                    <title>И пользователь создает каталог</title>
                </step>
                <step start="1562250830945" stop="1562250830946" status="canceled">
                    <name>И пользователь видит новый каталог</name>
                    <title>И пользователь видит новый каталог</title>
                </step>
            </steps>
            <attachments/>
            <labels>
                <label name="testId" value="2"/>
                <label name="story" value="Мастер-пользователь создает каталог"/>
                <label name="feature" value="Проверка создания каталога"/>
                <label name="host" value="LAPTOP-AOR21S0A"/>
                <label name="thread" value="16100@LAPTOP-AOR21S0A.main(1)"/>
                <label name="framework" value="CucumberJVM"/>
            </labels>
        </test-case>
    </test-cases>
    <labels>
        <label name="feature" value="Проверка создания каталога"/>
        <label name="language" value="JAVA"/>
    </labels>
</ns2:test-suite>
